[uiparadox.co.uk/templates/drax/demo/index-6-dark.html]
[backblue.gif]
[fade.gif]
[index.html]
[uiparadox.co.uk/templates/drax/demo/assets/media/favicon-light.png]
[uiparadox.co.uk/templates/drax/demo/assets/css/vendor/bootstrap.min.css]
[uiparadox.co.uk/templates/drax/demo/assets/css/vendor/swiper-bundle.min.css]
[uiparadox.co.uk/templates/drax/demo/assets/css/vendor/font-awesome.css]
[uiparadox.co.uk/templates/drax/demo/assets/css/vendor/slick.css]
[uiparadox.co.uk/templates/drax/demo/assets/css/vendor/slick-theme.css]
[uiparadox.co.uk/templates/drax/demo/assets/css/vendor/sal.css]
[uiparadox.co.uk/templates/drax/demo/assets/css/vendor/jquery.mCustomScrollbar.css]
[uiparadox.co.uk/templates/drax/demo/assets/css/app.css]
[uiparadox.co.uk/templates/drax/demo/index-1-dark.html]
[uiparadox.co.uk/templates/drax/demo/assets/media/logo-light-2.svg]
[uiparadox.co.uk/templates/drax/demo/index-1.html]
[uiparadox.co.uk/templates/drax/demo/index-2.html]
[uiparadox.co.uk/templates/drax/demo/index-2-dark.html]
[uiparadox.co.uk/templates/drax/demo/index-3.html]
[uiparadox.co.uk/templates/drax/demo/index-3-dark.html]
[uiparadox.co.uk/templates/drax/demo/index-4.html]
[uiparadox.co.uk/templates/drax/demo/index-4-dark.html]
[uiparadox.co.uk/templates/drax/demo/index-5.html]
[uiparadox.co.uk/templates/drax/demo/index-5-dark.html]
[uiparadox.co.uk/templates/drax/demo/index-6.html]
[uiparadox.co.uk/templates/drax/demo/blog-1.html]
[uiparadox.co.uk/templates/drax/demo/blog-1-dark.html]
[uiparadox.co.uk/templates/drax/demo/blog-2.html]
[uiparadox.co.uk/templates/drax/demo/blog-2-dark.html]
[uiparadox.co.uk/templates/drax/demo/blog-3.html]
[uiparadox.co.uk/templates/drax/demo/blog-3-dark.html]
[uiparadox.co.uk/templates/drax/demo/blog-4.html]
[uiparadox.co.uk/templates/drax/demo/blog-4-dark.html]
[uiparadox.co.uk/templates/drax/demo/blog-5.html]
[uiparadox.co.uk/templates/drax/demo/blog-5-dark.html]
[uiparadox.co.uk/templates/drax/demo/blog-6.html]
[uiparadox.co.uk/templates/drax/demo/blog-6-dark.html]
[uiparadox.co.uk/templates/drax/demo/blog-detail-1.html]
[uiparadox.co.uk/templates/drax/demo/blog-detail-1-dark.html]
[uiparadox.co.uk/templates/drax/demo/blog-detail-2.html]
[uiparadox.co.uk/templates/drax/demo/blog-detail-2-dark.html]
[uiparadox.co.uk/templates/drax/demo/assets/media/logo-dark.png]
[uiparadox.co.uk/templates/drax/demo/assets/media/bg-image/logo-bg.png]
[uiparadox.co.uk/templates/drax/demo/contact-1.html]
[uiparadox.co.uk/templates/drax/demo/contact-1-dark.html]
[uiparadox.co.uk/templates/drax/demo/contact-2.html]
[uiparadox.co.uk/templates/drax/demo/contact-2-dark.html]
[uiparadox.co.uk/templates/drax/demo/contact-3.html]
[uiparadox.co.uk/templates/drax/demo/contact-3-dark.html]
[uiparadox.co.uk/templates/drax/demo/contact-4.html]
[uiparadox.co.uk/templates/drax/demo/contact-4-dark.html]
[uiparadox.co.uk/templates/drax/demo/services.html]
[uiparadox.co.uk/templates/drax/demo/services-dark.html]
[uiparadox.co.uk/templates/drax/demo/about-1.html]
[uiparadox.co.uk/templates/drax/demo/about-1-dark.html]
[uiparadox.co.uk/templates/drax/demo/about-2.html]
[uiparadox.co.uk/templates/drax/demo/about-2-dark.html]
[uiparadox.co.uk/templates/drax/demo/portfolio-1.html]
[uiparadox.co.uk/templates/drax/demo/portfolio-1-dark.html]
[uiparadox.co.uk/templates/drax/demo/portfolio-2.html]
[uiparadox.co.uk/templates/drax/demo/portfolio-2-dark.html]
[uiparadox.co.uk/templates/drax/demo/portfolio-3.html]
[uiparadox.co.uk/templates/drax/demo/portfolio-3-dark.html]
[uiparadox.co.uk/templates/drax/demo/portfolio-4.html]
[uiparadox.co.uk/templates/drax/demo/portfolio-4-dark.html]
[uiparadox.co.uk/templates/drax/demo/portfolio-5.html]
[uiparadox.co.uk/templates/drax/demo/portfolio-5-dark.html]
[uiparadox.co.uk/templates/drax/demo/team-1.html]
[uiparadox.co.uk/templates/drax/demo/team-1-dark.html]
[uiparadox.co.uk/templates/drax/demo/team-2.html]
[uiparadox.co.uk/templates/drax/demo/team-2-dark.html]
[uiparadox.co.uk/templates/drax/demo/team-detail-1.html]
[uiparadox.co.uk/templates/drax/demo/team-detail-1-dark.html]
[uiparadox.co.uk/templates/drax/demo/team-detail-2.html]
[uiparadox.co.uk/templates/drax/demo/team-detail-2-dark.html]
[uiparadox.co.uk/templates/drax/demo/faq.html]
[uiparadox.co.uk/templates/drax/demo/faq-dark.html]
[uiparadox.co.uk/templates/drax/demo/404.html]
[uiparadox.co.uk/templates/drax/demo/404-dark.html]
[uiparadox.co.uk/templates/drax/demo/coming-soon.html]
[uiparadox.co.uk/templates/drax/demo/coming-soon-dark.html]
[uiparadox.co.uk/templates/drax/demo/signup.html]
[uiparadox.co.uk/templates/drax/demo/signup-dark.html]
[uiparadox.co.uk/templates/drax/demo/login.html]
[uiparadox.co.uk/templates/drax/demo/login-dark.html]
[uiparadox.co.uk/templates/drax/demo/assets/media/portfolio/1/image-1.png]
[uiparadox.co.uk/templates/drax/demo/assets/media/portfolio/1/image-2.png]
[uiparadox.co.uk/templates/drax/demo/assets/media/portfolio/1/image-3.png]
[uiparadox.co.uk/templates/drax/demo/assets/media/portfolio/1/image-4.png]
[uiparadox.co.uk/templates/drax/demo/assets/media/portfolio/1/image-5.png]
[uiparadox.co.uk/templates/drax/demo/assets/media/portfolio/1/image-6.png]
[uiparadox.co.uk/templates/drax/demo/assets/media/portfolio/1/image-7.png]
[uiparadox.co.uk/templates/drax/demo/assets/media/portfolio/1/image-8.png]
[uiparadox.co.uk/templates/drax/demo/assets/media/portfolio/1/image-9.png]
[uiparadox.co.uk/templates/drax/demo/assets/media/portfolio/1/image-10.png]
[uiparadox.co.uk/templates/drax/demo/assets/media/portfolio/1/image-11.png]
[uiparadox.co.uk/templates/drax/demo/assets/media/portfolio/1/image-12.png]
[uiparadox.co.uk/templates/drax/demo/assets/media/portfolio/1/image-13.png]
[uiparadox.co.uk/templates/drax/demo/assets/media/portfolio/1/image-14.png]
[uiparadox.co.uk/templates/drax/demo/assets/media/portfolio/1/image-15.png]
[uiparadox.co.uk/templates/drax/demo/assets/media/portfolio/1/image-16.png]
[uiparadox.co.uk/templates/drax/demo/assets/media/portfolio/1/image-17.png]
[uiparadox.co.uk/templates/drax/demo/assets/media/portfolio/1/image-18.png]
[uiparadox.co.uk/templates/drax/demo/assets/media/portfolio/1/image-19.png]
[uiparadox.co.uk/templates/drax/demo/assets/media/portfolio/1/image-20.png]
[uiparadox.co.uk/templates/drax/demo/assets/media/portfolio/1/image-21.png]
[uiparadox.co.uk/templates/drax/demo/assets/media/portfolio/1/image-22.png]
[uiparadox.co.uk/templates/drax/demo/assets/media/portfolio/1/image-23.png]
[uiparadox.co.uk/templates/drax/demo/assets/media/portfolio/1/image-24.png]
[uiparadox.co.uk/templates/drax/demo/assets/js/vendor/jquery-3.6.3.min.js]
[uiparadox.co.uk/templates/drax/demo/assets/js/vendor/jquery-ui.min.js]
[uiparadox.co.uk/templates/drax/demo/assets/js/vendor/bootstrap.min.js]
[uiparadox.co.uk/templates/drax/demo/assets/js/vendor/swiper-bundle.min.js]
[uiparadox.co.uk/templates/drax/demo/assets/js/vendor/imagesloaded.pkgd.min.js]
[uiparadox.co.uk/templates/drax/demo/assets/js/vendor/slick.min.js]
[uiparadox.co.uk/templates/drax/demo/assets/js/vendor/jquery-appear.js]
[uiparadox.co.uk/templates/drax/demo/assets/js/vendor/sal.js]
[uiparadox.co.uk/templates/drax/demo/assets/js/vendor/js.cookie.js]
[uiparadox.co.uk/templates/drax/demo/assets/js/vendor/gsap.min.js]
[uiparadox.co.uk/templates/drax/demo/assets/js/vendor/ScrollTrigger.min.js]
[uiparadox.co.uk/templates/drax/demo/assets/js/vendor/ScrollToPlugin.min.js]
[uiparadox.co.uk/templates/drax/demo/assets/js/vendor/ScrollSmoother.min.js]
[uiparadox.co.uk/templates/drax/demo/assets/js/vendor/jquery.mCustomScrollbar.concat.min.js]
[uiparadox.co.uk/templates/drax/demo/assets/js/app.js]
[uiparadox.co.uk/templates/drax/demo/index-6-dark.html]
[uiparadox.co.uk/templates/drax/demo/assets/css/vendor/bootstrap.min.css]
[uiparadox.co.uk/templates/drax/demo/assets/css/fonts/fa-brands-400.eot]
[uiparadox.co.uk/templates/drax/demo/assets/css/fonts/fa-brands-400d41d.eot]
[uiparadox.co.uk/templates/drax/demo/assets/css/fonts/fa-brands-400.woff2]
[uiparadox.co.uk/templates/drax/demo/assets/css/fonts/fa-brands-400.woff]
[uiparadox.co.uk/templates/drax/demo/assets/css/fonts/fa-brands-400.ttf]
[uiparadox.co.uk/templates/drax/demo/assets/css/fonts/fa-duotone-900.eot]
[uiparadox.co.uk/templates/drax/demo/assets/css/fonts/fa-duotone-900d41d.eot]
[uiparadox.co.uk/templates/drax/demo/assets/css/fonts/fa-duotone-900.woff2]
[uiparadox.co.uk/templates/drax/demo/assets/css/fonts/fa-brands-400.svg]
[uiparadox.co.uk/templates/drax/demo/assets/css/fonts/fa-duotone-900.woff]
[uiparadox.co.uk/templates/drax/demo/assets/css/fonts/fa-duotone-900.ttf]
[uiparadox.co.uk/templates/drax/demo/assets/css/fonts/fa-light-300.eot]
[uiparadox.co.uk/templates/drax/demo/assets/css/fonts/fa-light-300d41d.eot]
[uiparadox.co.uk/templates/drax/demo/assets/css/fonts/fa-light-300.woff2]
[uiparadox.co.uk/templates/drax/demo/assets/css/fonts/fa-light-300.woff]
[uiparadox.co.uk/templates/drax/demo/assets/css/fonts/fa-light-300.ttf]
[uiparadox.co.uk/templates/drax/demo/assets/css/fonts/fa-regular-400.eot]
[uiparadox.co.uk/templates/drax/demo/assets/css/fonts/fa-regular-400d41d.eot]
[uiparadox.co.uk/templates/drax/demo/assets/css/fonts/fa-regular-400.woff2]
[uiparadox.co.uk/templates/drax/demo/assets/css/fonts/fa-regular-400.woff]
[uiparadox.co.uk/templates/drax/demo/assets/css/fonts/fa-regular-400.ttf]
[uiparadox.co.uk/templates/drax/demo/assets/css/fonts/fa-solid-900.eot]
[uiparadox.co.uk/templates/drax/demo/assets/css/fonts/fa-regular-400.svg]
[uiparadox.co.uk/templates/drax/demo/assets/css/fonts/fa-solid-900d41d.eot]
[uiparadox.co.uk/templates/drax/demo/assets/css/fonts/fa-solid-900.woff2]
[uiparadox.co.uk/templates/drax/demo/assets/css/fonts/fa-solid-900.woff]
[uiparadox.co.uk/templates/drax/demo/assets/css/fonts/fa-solid-900.ttf]
[uiparadox.co.uk/templates/drax/demo/assets/css/vendor/font-awesome.css]
[uiparadox.co.uk/templates/drax/demo/assets/css/vendor/swiper-bundle.min.css]
[uiparadox.co.uk/templates/drax/demo/assets/css/vendor/slick.css]
[uiparadox.co.uk/templates/drax/demo/assets/css/fonts/ajax-loader.gif]
[uiparadox.co.uk/templates/drax/demo/assets/media/animate/bottom-arrow.png]
[uiparadox.co.uk/templates/drax/demo/assets/media/animate/left-arrow.png]
[uiparadox.co.uk/templates/drax/demo/assets/css/vendor/slick-theme.css]
[uiparadox.co.uk/templates/drax/demo/assets/css/vendor/sal.css]
[uiparadox.co.uk/templates/drax/demo/assets/css/fonts/fa-solid-900.svg]
[uiparadox.co.uk/templates/drax/demo/assets/css/vendor/jquery.mCustomScrollbar.css]
[uiparadox.co.uk/templates/drax/demo/assets/media/elements/1/triangleshape-black.png]
[uiparadox.co.uk/templates/drax/demo/assets/media/elements/1/triangleFillshape-black2.png]
[uiparadox.co.uk/templates/drax/demo/assets/media/elements/1/triangleFillshape-black.png]
[uiparadox.co.uk/templates/drax/demo/assets/media/elements/1/triangleshape.png]
[uiparadox.co.uk/templates/drax/demo/assets/media/elements/1/triangleFillshape2.png]
[uiparadox.co.uk/templates/drax/demo/assets/media/elements/1/trianglefillshape.png]
[uiparadox.co.uk/templates/drax/demo/assets/media/animate/bold-right.svg]
[uiparadox.co.uk/templates/drax/demo/assets/media/animate/dark-right.svg]
[uiparadox.co.uk/templates/drax/demo/assets/media/hero/1/background.png]
[uiparadox.co.uk/templates/drax/demo/assets/media/hero/1/lines.png]
[uiparadox.co.uk/templates/drax/demo/assets/media/hero/1/dark-bg.png]
[uiparadox.co.uk/templates/drax/demo/assets/media/bg-image/bg-image-1.jpg]
[uiparadox.co.uk/templates/drax/demo/assets/media/about/bg-img.png]
[uiparadox.co.uk/templates/drax/demo/assets/media/about/bg-img-2.png]
[uiparadox.co.uk/templates/drax/demo/assets/media/background/acheivement-bg.png]
[uiparadox.co.uk/templates/drax/demo/assets/media/bg-image/bg-image-3.png]
[uiparadox.co.uk/templates/drax/demo/assets/media/bg-image/bg-image-2.jpg]
[uiparadox.co.uk/templates/drax/demo/assets/media/banner-img/bulb-high.png]
[uiparadox.co.uk/templates/drax/demo/assets/media/work/1/opening-frame-left.png]
[uiparadox.co.uk/templates/drax/demo/assets/media/work/1/opening-frame-right.png]
[uiparadox.co.uk/templates/drax/demo/assets/media/elements/1/wave-element.png]
[uiparadox.co.uk/templates/drax/demo/assets/media/shapes/triangle-bottom.svg]
[uiparadox.co.uk/templates/drax/demo/assets/media/shapes/triangle-top.svg]
[uiparadox.co.uk/templates/drax/demo/assets/media/shapes/triangle-bottom-dark.svg]
[uiparadox.co.uk/templates/drax/demo/assets/media/shapes/triangle-top-dark.svg]
[uiparadox.co.uk/templates/drax/demo/assets/media/portfolio/2/Variant2.png]
[uiparadox.co.uk/templates/drax/demo/assets/media/portfolio/2/Variant2-dark.png]
[uiparadox.co.uk/templates/drax/demo/assets/media/hero/inner-pages/title-banner-1.png]
[uiparadox.co.uk/templates/drax/demo/assets/media/hero/inner-pages/title-banner-dark1.png]
[uiparadox.co.uk/templates/drax/demo/assets/media/hero/inner-pages/title-banner-2.png]
[uiparadox.co.uk/templates/drax/demo/assets/media/hero/inner-pages/title-banner-3.png]
[uiparadox.co.uk/templates/drax/demo/assets/media/hero/inner-pages/title-banner-dark-2.png]
[uiparadox.co.uk/templates/drax/demo/assets/media/hero/inner-pages/titlt-banner-3.png]
[uiparadox.co.uk/templates/drax/demo/assets/media/hero/inner-pages/titlt-banner-3-dark.png]
[uiparadox.co.uk/templates/drax/demo/assets/media/bg-image/bg-image-4.png]
[uiparadox.co.uk/templates/drax/demo/assets/media/bg-image/bg-image-6.png]
[uiparadox.co.uk/templates/drax/demo/assets/media/bg-image/bg-image-5.png]
[uiparadox.co.uk/templates/drax/demo/assets/media/elements/1/ovalshape.png]
[uiparadox.co.uk/templates/drax/demo/assets/media/elements/1/ovalshape-2.png]
[uiparadox.co.uk/templates/drax/demo/assets/media/animition-image/triangles.png]
[uiparadox.co.uk/templates/drax/demo/assets/media/animition-image/image.png]
[uiparadox.co.uk/templates/drax/demo/assets/media/animition-image/triangles-dark.png]
[uiparadox.co.uk/templates/drax/demo/assets/media/animition-image/image-dark.png]
[uiparadox.co.uk/templates/drax/demo/assets/media/bg-image/bg-image-7.png]
[uiparadox.co.uk/templates/drax/demo/assets/media/bg-image/bg-image-7-dark.png]
[uiparadox.co.uk/templates/drax/demo/assets/media/bg-image/bg-image-8.png]
[uiparadox.co.uk/templates/drax/demo/assets/media/bg-image/bg-image-9.png]
[uiparadox.co.uk/templates/drax/demo/assets/media/contact/icon-3.png]
[uiparadox.co.uk/templates/drax/demo/assets/media/contact/icon-2.png]
[uiparadox.co.uk/templates/drax/demo/assets/media/contact/icon-1.png]
[uiparadox.co.uk/templates/drax/demo/assets/media/elements/1/triangle-top.png]
[uiparadox.co.uk/templates/drax/demo/assets/media/elements/1/triangle-bottom.png]
[uiparadox.co.uk/templates/drax/demo/assets/media/elements/1/triangle-top-dark.png]
[uiparadox.co.uk/templates/drax/demo/assets/media/elements/1/triangle-bottom-dark.png]
[uiparadox.co.uk/templates/drax/demo/assets/css/app.css]
[uiparadox.co.uk/templates/drax/demo/assets/media/hero/1/variant.png]
[uiparadox.co.uk/templates/drax/demo/assets/media/hero/1/variant2.png]
[uiparadox.co.uk/templates/drax/demo/assets/media/button-arrow/btn-arrow.png]
[uiparadox.co.uk/templates/drax/demo/assets/media/button-arrow/btn-arrow-2.png]
[uiparadox.co.uk/templates/drax/demo/assets/media/service/1/servises-1.png]
[uiparadox.co.uk/templates/drax/demo/assets/media/service/1/servises-2.png]
[uiparadox.co.uk/templates/drax/demo/assets/media/service/1/servises-3.png]
[uiparadox.co.uk/templates/drax/demo/assets/media/elements/1/gridelement-dark.png]
[uiparadox.co.uk/templates/drax/demo/assets/media/service/1/image.png]
[uiparadox.co.uk/templates/drax/demo/assets/media/elements/1/gridelement.png]
[uiparadox.co.uk/templates/drax/demo/assets/media/service/1/servises-4.jpg]
[uiparadox.co.uk/templates/drax/demo/assets/media/service/1/servises-5.jpg]
[uiparadox.co.uk/templates/drax/demo/assets/media/service/1/servises-6.jpg]
[uiparadox.co.uk/templates/drax/demo/assets/media/service/1/servises-7.jpg]
[uiparadox.co.uk/templates/drax/demo/assets/media/catlog/catlog-img-1.png]
[uiparadox.co.uk/templates/drax/demo/assets/media/catlog/catlog-img-2.png]
[uiparadox.co.uk/templates/drax/demo/assets/media/catlog/catlog-img-3.png]
[uiparadox.co.uk/templates/drax/demo/assets/media/catlog/catlog-img-4.png]
[uiparadox.co.uk/templates/drax/demo/assets/media/catlog/catlog-img-5.png]
[uiparadox.co.uk/templates/drax/demo/assets/media/catlog/catlog-img-6.png]
[uiparadox.co.uk/templates/drax/demo/assets/media/client/logo-1.png]
[uiparadox.co.uk/templates/drax/demo/assets/media/client/logo-2.png]
[uiparadox.co.uk/templates/drax/demo/assets/media/client/logo-3.png]
[uiparadox.co.uk/templates/drax/demo/assets/media/client/logo-4.png]
[uiparadox.co.uk/templates/drax/demo/assets/media/client/logo-5.png]
[uiparadox.co.uk/templates/drax/demo/assets/media/client/logo-6.png]
[uiparadox.co.uk/templates/drax/demo/assets/media/client/logo-7.png]
[uiparadox.co.uk/templates/drax/demo/assets/media/team/image-1.png]
[uiparadox.co.uk/templates/drax/demo/assets/media/team/image-2.png]
[uiparadox.co.uk/templates/drax/demo/assets/media/team/image-3.png]
[uiparadox.co.uk/templates/drax/demo/assets/media/team/image-4.png]
[uiparadox.co.uk/templates/drax/demo/assets/media/team/image-5.png]
[uiparadox.co.uk/templates/drax/demo/assets/media/team/image-6.png]
[uiparadox.co.uk/templates/drax/demo/assets/media/dairies/image-1.png]
[uiparadox.co.uk/templates/drax/demo/assets/media/dairies/image-2.png]
[uiparadox.co.uk/templates/drax/demo/assets/media/dairies/image-3.png]
[uiparadox.co.uk/templates/drax/demo/assets/js/vendor/SplitText.min.js]
[uiparadox.co.uk/templates/drax/demo/index-1-dark.html]
[uiparadox.co.uk/templates/drax/demo/assets/media/logo-light-2.svg]
[uiparadox.co.uk/templates/drax/demo/index-1.html]
[uiparadox.co.uk/templates/drax/demo/assets/media/about/video.jpg]
[uiparadox.co.uk/templates/drax/demo/assets/media/service/service-1/img-1.jpg]
[uiparadox.co.uk/templates/drax/demo/assets/media/service/service-1/img-2.jpg]
[uiparadox.co.uk/templates/drax/demo/assets/media/service/service-1/img-3.jpg]
[uiparadox.co.uk/templates/drax/demo/assets/media/service/service-1/img-4.jpg]
[uiparadox.co.uk/templates/drax/demo/assets/media/service/service-1/img-5.jpg]
[uiparadox.co.uk/templates/drax/demo/assets/media/service/service-1/img-6.jpg]
[uiparadox.co.uk/templates/drax/demo/assets/media/service/service-1/img-7.jpg]
[uiparadox.co.uk/templates/drax/demo/assets/media/service/service-1/img-8.jpg]
[uiparadox.co.uk/templates/drax/demo/assets/media/service/service-1/img-9.jpg]
[uiparadox.co.uk/templates/drax/demo/assets/media/service/service-1/img-10.jpg]
[uiparadox.co.uk/templates/drax/demo/assets/media/portfolio/image-1.jpg]
[uiparadox.co.uk/templates/drax/demo/assets/media/portfolio/image-2.jpg]
[uiparadox.co.uk/templates/drax/demo/assets/media/portfolio/image-3.jpg]
[uiparadox.co.uk/templates/drax/demo/assets/media/portfolio/image-4.jpg]
[uiparadox.co.uk/templates/drax/demo/assets/media/portfolio/image-5.jpg]
[uiparadox.co.uk/templates/drax/demo/assets/media/client/image-1.jpg]
[uiparadox.co.uk/templates/drax/demo/assets/media/crew/image-1.jpg]
[uiparadox.co.uk/templates/drax/demo/assets/media/crew/image-2.jpg]
[uiparadox.co.uk/templates/drax/demo/assets/media/crew/image-3.jpg]
[uiparadox.co.uk/templates/drax/demo/assets/media/crew/image-4.jpg]
[uiparadox.co.uk/templates/drax/demo/index-2.html]
[uiparadox.co.uk/templates/drax/demo/index-2-dark.html]
[uiparadox.co.uk/templates/drax/demo/index-3.html]
[uiparadox.co.uk/templates/drax/demo/index-3-dark.html]
[uiparadox.co.uk/templates/drax/demo/assets/media/banner-img/bulb-low.png]
[uiparadox.co.uk/templates/drax/demo/assets/media/portfolio/image-6.png]
[uiparadox.co.uk/templates/drax/demo/assets/media/service/service-2/img-1.png]
[uiparadox.co.uk/templates/drax/demo/assets/media/service/service-2/img-2.png]
[uiparadox.co.uk/templates/drax/demo/assets/media/service/service-2/img-3.png]
[uiparadox.co.uk/templates/drax/demo/assets/media/service/service-2/img-4.png]
[uiparadox.co.uk/templates/drax/demo/assets/media/review/imaga.png]
[uiparadox.co.uk/templates/drax/demo/assets/media/review/imaga-2.jpg]
[uiparadox.co.uk/templates/drax/demo/assets/media/review/imaga-3.jpg]
[uiparadox.co.uk/templates/drax/demo/assets/media/review/imaga-4.jpg]
[uiparadox.co.uk/templates/drax/demo/index-4.html]
[uiparadox.co.uk/templates/drax/demo/index-4-dark.html]
[uiparadox.co.uk/templates/drax/demo/assets/media/portfolio/hero-picture.png]
[uiparadox.co.uk/templates/drax/demo/assets/media/service/service-5/image-1.png]
[uiparadox.co.uk/templates/drax/demo/assets/media/service/service-5/image-2.png]
[uiparadox.co.uk/templates/drax/demo/assets/media/service/service-5/image-3.png]
[uiparadox.co.uk/templates/drax/demo/assets/media/service/service-5/image-4.png]
[uiparadox.co.uk/templates/drax/demo/assets/media/work/2/image-1.png]
[uiparadox.co.uk/templates/drax/demo/assets/media/work/2/image-2.png]
[uiparadox.co.uk/templates/drax/demo/assets/media/work/2/image-3.png]
[uiparadox.co.uk/templates/drax/demo/assets/media/work/2/image-4.png]
[uiparadox.co.uk/templates/drax/demo/index-5.html]
[uiparadox.co.uk/templates/drax/demo/assets/js/vendor/jquery-validator.js]
[uiparadox.co.uk/templates/drax/demo/assets/media/portfolio/hero-picture-dark.png]
[uiparadox.co.uk/templates/drax/demo/index-5-dark.html]
[uiparadox.co.uk/templates/drax/demo/index-6.html]
[uiparadox.co.uk/templates/drax/demo/assets/media/dairies/image-4.png]
[uiparadox.co.uk/templates/drax/demo/assets/media/dairies/image-5.png]
[uiparadox.co.uk/templates/drax/demo/assets/media/dairies/image-6.png]
[uiparadox.co.uk/templates/drax/demo/blog-1.html]
[uiparadox.co.uk/templates/drax/demo/blog-1-dark.html]
[uiparadox.co.uk/templates/drax/demo/assets/media/dairies/image-7.png]
[uiparadox.co.uk/templates/drax/demo/assets/media/dairies/image-13.png]
[uiparadox.co.uk/templates/drax/demo/assets/media/dairies/image-14.png]
[uiparadox.co.uk/templates/drax/demo/assets/media/dairies/image-15.png]
[uiparadox.co.uk/templates/drax/demo/assets/media/dairies/image-12.png]
[uiparadox.co.uk/templates/drax/demo/assets/media/dairies/image-16.png]
[uiparadox.co.uk/templates/drax/demo/blog-2.html]
[uiparadox.co.uk/templates/drax/demo/blog-2-dark.html]
[uiparadox.co.uk/templates/drax/demo/assets/media/dairies/image-8.png]
[uiparadox.co.uk/templates/drax/demo/assets/media/dairies/image-9.png]
[uiparadox.co.uk/templates/drax/demo/assets/media/dairies/image-10.png]
[uiparadox.co.uk/templates/drax/demo/blog-3.html]
[uiparadox.co.uk/templates/drax/demo/blog-3-dark.html]
[uiparadox.co.uk/templates/drax/demo/blog-4.html]
[uiparadox.co.uk/templates/drax/demo/blog-4-dark.html]
[uiparadox.co.uk/templates/drax/demo/blog-5.html]
[uiparadox.co.uk/templates/drax/demo/blog-5-dark.html]
[uiparadox.co.uk/templates/drax/demo/blog-6.html]
[uiparadox.co.uk/templates/drax/demo/blog-6-dark.html]
[uiparadox.co.uk/templates/drax/demo/assets/media/blog/author.png]
[uiparadox.co.uk/templates/drax/demo/assets/media/blog/detail-img.png]
[uiparadox.co.uk/templates/drax/demo/blog-detail-1.html]
[uiparadox.co.uk/templates/drax/demo/blog-detail-1-dark.html]
[uiparadox.co.uk/templates/drax/demo/blog-detail-2.html]
[uiparadox.co.uk/templates/drax/demo/blog-detail-2-dark.html]
[uiparadox.co.uk/templates/drax/demo/assets/media/logo-dark-2.png]
[uiparadox.co.uk/templates/drax/demo/assets/media/contact/map.png]
[uiparadox.co.uk/templates/drax/demo/contact-1.html]
[uiparadox.co.uk/templates/drax/demo/assets/media/logo-light.svg]
[uiparadox.co.uk/templates/drax/demo/contact-1-dark.html]
[uiparadox.co.uk/templates/drax/demo/contact-2.html]
[uiparadox.co.uk/templates/drax/demo/contact-2-dark.html]
[uiparadox.co.uk/templates/drax/demo/contact-3.html]
[uiparadox.co.uk/templates/drax/demo/contact-3-dark.html]
[uiparadox.co.uk/templates/drax/demo/assets/media/contact/map-2.png]
[uiparadox.co.uk/templates/drax/demo/contact-4.html]
[uiparadox.co.uk/templates/drax/demo/contact-4-dark.html]
[uiparadox.co.uk/templates/drax/demo/assets/media/service/services/s-1.png]
[uiparadox.co.uk/templates/drax/demo/assets/media/service/services/s-2.png]
[uiparadox.co.uk/templates/drax/demo/assets/media/service/services/s-3.png]
[uiparadox.co.uk/templates/drax/demo/assets/media/service/services/s-4.png]
[uiparadox.co.uk/templates/drax/demo/services.html]
[uiparadox.co.uk/templates/drax/demo/services-dark.html]
[uiparadox.co.uk/templates/drax/demo/about-1.html]
[uiparadox.co.uk/templates/drax/demo/about-1-dark.html]
[uiparadox.co.uk/templates/drax/demo/about-2.html]
[uiparadox.co.uk/templates/drax/demo/about-2-dark.html]
[uiparadox.co.uk/templates/drax/demo/assets/media/portfolio/2/potfolio-universe.png]
[uiparadox.co.uk/templates/drax/demo/portfolio-1.html]
[uiparadox.co.uk/templates/drax/demo/portfolio-1-dark.html]
[uiparadox.co.uk/templates/drax/demo/assets/media/portfolio/3/p-1.png]
[uiparadox.co.uk/templates/drax/demo/assets/media/portfolio/3/p-2.png]
[uiparadox.co.uk/templates/drax/demo/assets/media/portfolio/3/p-3.png]
[uiparadox.co.uk/templates/drax/demo/assets/media/portfolio/3/p-4.png]
[uiparadox.co.uk/templates/drax/demo/assets/media/portfolio/3/p-6.png]
[uiparadox.co.uk/templates/drax/demo/assets/media/portfolio/3/p-7.png]
[uiparadox.co.uk/templates/drax/demo/assets/media/portfolio/3/p-9.png]
[uiparadox.co.uk/templates/drax/demo/assets/media/portfolio/3/p-10.png]
[uiparadox.co.uk/templates/drax/demo/portfolio-2.html]
[uiparadox.co.uk/templates/drax/demo/portfolio-2-dark.html]
[uiparadox.co.uk/templates/drax/demo/assets/media/portfolio/4/p-1.png]
[uiparadox.co.uk/templates/drax/demo/assets/media/portfolio/4/p-2.png]
[uiparadox.co.uk/templates/drax/demo/assets/media/portfolio/4/p-3.png]
[uiparadox.co.uk/templates/drax/demo/assets/media/portfolio/4/p-4.png]
[uiparadox.co.uk/templates/drax/demo/assets/media/portfolio/4/p-5.png]
[uiparadox.co.uk/templates/drax/demo/assets/media/portfolio/4/p-6.png]
[uiparadox.co.uk/templates/drax/demo/assets/media/portfolio/4/p-7.png]
[uiparadox.co.uk/templates/drax/demo/assets/media/portfolio/4/p-8.png]
[uiparadox.co.uk/templates/drax/demo/portfolio-3.html]
[uiparadox.co.uk/templates/drax/demo/portfolio-3-dark.html]
[uiparadox.co.uk/templates/drax/demo/assets/media/portfolio/5/p-1.png]
[uiparadox.co.uk/templates/drax/demo/assets/media/portfolio/5/p-2.png]
[uiparadox.co.uk/templates/drax/demo/assets/media/portfolio/5/p-3.png]
[uiparadox.co.uk/templates/drax/demo/assets/media/portfolio/5/p-4.png]
[uiparadox.co.uk/templates/drax/demo/assets/media/portfolio/5/p-5.png]
[uiparadox.co.uk/templates/drax/demo/assets/media/portfolio/5/p-6.png]
[uiparadox.co.uk/templates/drax/demo/assets/media/portfolio/5/p-7.png]
[uiparadox.co.uk/templates/drax/demo/assets/media/portfolio/5/p-8.png]
[uiparadox.co.uk/templates/drax/demo/assets/media/portfolio/5/p-9.png]
[uiparadox.co.uk/templates/drax/demo/portfolio-4.html]
[uiparadox.co.uk/templates/drax/demo/portfolio-4-dark.html]
[uiparadox.co.uk/templates/drax/demo/assets/media/portfolio/6/p-1.png]
[uiparadox.co.uk/templates/drax/demo/assets/media/portfolio/6/p-2.png]
[uiparadox.co.uk/templates/drax/demo/assets/media/portfolio/6/p-3.png]
[uiparadox.co.uk/templates/drax/demo/assets/media/portfolio/6/p-4.png]
[uiparadox.co.uk/templates/drax/demo/assets/media/portfolio/6/p-5.png]
[uiparadox.co.uk/templates/drax/demo/portfolio-5.html]
[uiparadox.co.uk/templates/drax/demo/portfolio-5-dark.html]
[uiparadox.co.uk/templates/drax/demo/assets/media/team/image-8.png]
[uiparadox.co.uk/templates/drax/demo/assets/media/team/image-9.png]
[uiparadox.co.uk/templates/drax/demo/assets/media/team/image-10.png]
[uiparadox.co.uk/templates/drax/demo/assets/media/team/image-11.png]
[uiparadox.co.uk/templates/drax/demo/assets/media/team/image-12.png]
[uiparadox.co.uk/templates/drax/demo/assets/media/team/image-13.png]
[uiparadox.co.uk/templates/drax/demo/team-1.html]
[uiparadox.co.uk/templates/drax/demo/team-1-dark.html]
[uiparadox.co.uk/templates/drax/demo/assets/media/team/image-14.png]
[uiparadox.co.uk/templates/drax/demo/assets/media/team/image-15.png]
[uiparadox.co.uk/templates/drax/demo/assets/media/team/image-16.png]
[uiparadox.co.uk/templates/drax/demo/assets/media/team/image-17.png]
[uiparadox.co.uk/templates/drax/demo/assets/media/team/image-18.png]
[uiparadox.co.uk/templates/drax/demo/assets/media/team/image-19.png]
[uiparadox.co.uk/templates/drax/demo/team-2.html]
[uiparadox.co.uk/templates/drax/demo/team-2-dark.html]
[uiparadox.co.uk/templates/drax/demo/assets/media/team-detail/image-1.png]
[uiparadox.co.uk/templates/drax/demo/team-detail-1.html]
[uiparadox.co.uk/templates/drax/demo/team-detail-1-dark.html]
[uiparadox.co.uk/templates/drax/demo/team-detail-2.html]
[uiparadox.co.uk/templates/drax/demo/team-detail-2-dark.html]
[uiparadox.co.uk/templates/drax/demo/assets/media/faq/image-1.png]
[uiparadox.co.uk/templates/drax/demo/faq.html]
[uiparadox.co.uk/templates/drax/demo/faq-dark.html]
[uiparadox.co.uk/templates/drax/demo/assets/media/404/404.png]
[uiparadox.co.uk/templates/drax/demo/404.html]
[uiparadox.co.uk/templates/drax/demo/assets/media/404/404-dark.png]
[uiparadox.co.uk/templates/drax/demo/404-dark.html]
[uiparadox.co.uk/templates/drax/demo/assets/media/coming-soon/coming-soon-light.png]
[uiparadox.co.uk/templates/drax/demo/assets/media/coming-soon/comming-soon-text.png]
[uiparadox.co.uk/templates/drax/demo/assets/js/vendor/jquery.countdown.min.js]
[uiparadox.co.uk/templates/drax/demo/coming-soon.html]
[uiparadox.co.uk/templates/drax/demo/assets/media/coming-soon/coming-soon-dark.png]
[uiparadox.co.uk/templates/drax/demo/assets/media/coming-soon/comming-soon-dark-text.png]
[uiparadox.co.uk/templates/drax/demo/coming-soon-dark.html]
[uiparadox.co.uk/templates/drax/demo/assets/media/icon/g-icon.png]
[uiparadox.co.uk/templates/drax/demo/assets/media/icon/f-icon.png]
[uiparadox.co.uk/templates/drax/demo/assets/media/icon/e-icon.png]
[uiparadox.co.uk/templates/drax/demo/signup.html]
[uiparadox.co.uk/templates/drax/demo/signup-dark.html]
[uiparadox.co.uk/templates/drax/demo/login.html]
[uiparadox.co.uk/templates/drax/demo/login-dark.html]
[uiparadox.co.uk/templates/drax/demo/assets/css/fonts/fa-brands-400.svg]
[uiparadox.co.uk/templates/drax/demo/assets/css/fonts/fa-duotone-900.html]
[uiparadox.co.uk/templates/drax/demo/assets/css/fonts/fa-light-300.html]
[uiparadox.co.uk/templates/drax/demo/assets/css/fonts/fa-regular-400.svg]
[uiparadox.co.uk/templates/drax/demo/assets/css/fonts/fa-solid-900.svg]
[uiparadox.co.uk/templates/drax/demo/assets/css/vendor/mCSB_buttons.html]
[uiparadox.co.uk/templates/drax/demo/assets/media/animate/light-arrow-3.svg]
[uiparadox.co.uk/templates/drax/demo/assets/media/animate/right-arrow.svg]
[uiparadox.co.uk/templates/drax/demo/assets/media/animate/bold-right.svg]
[uiparadox.co.uk/templates/drax/demo/assets/media/animate/dark-right.svg]
[uiparadox.co.uk/templates/drax/demo/assets/media/animate/gray-bold-right.svg]
[uiparadox.co.uk/templates/drax/demo/assets/media/animate/light-right.svg]
[uiparadox.co.uk/templates/drax/demo/assets/media/animate/dark-bold-right.svg]
[uiparadox.co.uk/templates/drax/demo/assets/media/shapes/triangle-bottom.svg]
[uiparadox.co.uk/templates/drax/demo/assets/media/shapes/triangle-top.svg]
[uiparadox.co.uk/templates/drax/demo/assets/media/shapes/triangle-bottom-dark.svg]
[uiparadox.co.uk/templates/drax/demo/assets/media/shapes/triangle-top-dark.svg]
[uiparadox.co.uk/templates/drax/demo/assets/media/logo-light.svg]
[uiparadox.co.uk/templates/drax/demo-content/assets/media/service/1/servises-1.html]
[uiparadox.co.uk/templates/drax/demo-content/assets/media/service/1/servises-2.html]
[uiparadox.co.uk/templates/drax/demo-content/assets/media/service/1/servises-3.html]
